<?xml version="1.0" encoding="UTF-8"?>
<!-- Generated by org.testng.reporters.JUnitReportReporter -->
<testsuite name="com.qtpselenium.rediff.hybrid.testcases.stocksuite.AddDelStockTest" tests="2" time="0.099" ignored="0" failures="0" timestamp="26 Sep 2018 22:02:46 GMT" skipped="2" hostname="DESKTOP-PKMC2016" errors="0">
  <testcase name="deleteStockTest" time="0.047" classname="com.qtpselenium.rediff.hybrid.testcases.stocksuite.AddDelStockTest">
    <skipped/>
  </testcase> <!-- deleteStockTest -->
  <testcase name="addStockTest" time="0.052" classname="com.qtpselenium.rediff.hybrid.testcases.stocksuite.AddDelStockTest">
    <skipped/>
  </testcase> <!-- addStockTest -->
</testsuite> <!-- com.qtpselenium.rediff.hybrid.testcases.stocksuite.AddDelStockTest -->
