<?xml version="1.0" encoding="UTF-8"?>
<!-- Generated by org.testng.reporters.JUnitReportReporter -->
<testsuite name="com.qtpselenium.rediff.hybrid.testcases.portfoliosuite.PortFolioTest" tests="3" time="0.122" ignored="0" failures="0" timestamp="26 Sep 2018 22:02:46 GMT" skipped="3" hostname="DESKTOP-PKMC2016" errors="0">
  <testcase name="createPortFolioTest" time="0.054" classname="com.qtpselenium.rediff.hybrid.testcases.portfoliosuite.PortFolioTest">
    <skipped/>
  </testcase> <!-- createPortFolioTest -->
  <testcase name="createPortFolioTest" time="0.068" classname="com.qtpselenium.rediff.hybrid.testcases.portfoliosuite.PortFolioTest">
    <skipped/>
  </testcase> <!-- createPortFolioTest -->
  <testcase name="deletePortFolioTest" time="0.000" classname="com.qtpselenium.rediff.hybrid.testcases.portfoliosuite.PortFolioTest">
    <skipped/>
  </testcase> <!-- deletePortFolioTest -->
</testsuite> <!-- com.qtpselenium.rediff.hybrid.testcases.portfoliosuite.PortFolioTest -->
