<?xml version="1.0" encoding="UTF-8"?>
<!-- Generated by org.testng.reporters.JUnitReportReporter -->
<testsuite name="com.qtpselenium.rediff.hybrid.testcases.stocksuite.BuySellStockTest" tests="2" time="0.051" ignored="0" failures="0" timestamp="26 Sep 2018 22:02:46 GMT" skipped="2" hostname="DESKTOP-PKMC2016" errors="0">
  <testcase name="buyOrSellStockTest" time="0.051" classname="com.qtpselenium.rediff.hybrid.testcases.stocksuite.BuySellStockTest">
    <skipped/>
  </testcase> <!-- buyOrSellStockTest -->
  <testcase name="checkTransactionHistoryTest" time="0.000" classname="com.qtpselenium.rediff.hybrid.testcases.stocksuite.BuySellStockTest">
    <skipped/>
  </testcase> <!-- checkTransactionHistoryTest -->
</testsuite> <!-- com.qtpselenium.rediff.hybrid.testcases.stocksuite.BuySellStockTest -->
